Determining if the pthread_create exist failed with the following output:
Change Dir: /home/pengfei/Documents/test/PCL/build/CMakeFiles/CMakeTmp

Run Build Command:"/usr/bin/make" "cmTC_483ca/fast"
/usr/bin/make -f CMakeFiles/cmTC_483ca.dir/build.make CMakeFiles/cmTC_483ca.dir/build
make[1]: Entering directory '/home/pengfei/Documents/test/PCL/build/CMakeFiles/CMakeTmp'
Building C object CMakeFiles/cmTC_483ca.dir/CheckSymbolExists.c.o
/usr/bin/cc    -fPIC    -o CMakeFiles/cmTC_483ca.dir/CheckSymbolExists.c.o   -c /home/pengfei/Documents/test/PCL/build/CMakeFiles/CMakeTmp/CheckSymbolExists.c
Linking C executable cmTC_483ca
/usr/bin/cmake -E cmake_link_script CMakeFiles/cmTC_483ca.dir/link.txt --verbose=1
/usr/bin/cc  -fPIC     CMakeFiles/cmTC_483ca.dir/CheckSymbolExists.c.o  -o cmTC_483ca -rdynamic 
CMakeFiles/cmTC_483ca.dir/CheckSymbolExists.c.o: In function `main':
CheckSymbolExists.c:(.text+0x1b): undefined reference to `pthread_create'
collect2: error: ld returned 1 exit status
CMakeFiles/cmTC_483ca.dir/build.make:97: recipe for target 'cmTC_483ca' failed
make[1]: *** [cmTC_483ca] Error 1
make[1]: Leaving directory '/home/pengfei/Documents/test/PCL/build/CMakeFiles/CMakeTmp'
Makefile:126: recipe for target 'cmTC_483ca/fast' failed
make: *** [cmTC_483ca/fast] Error 2

File /home/pengfei/Documents/test/PCL/build/CMakeFiles/CMakeTmp/CheckSymbolExists.c:
/* */
#include <pthread.h>

int main(int argc, char** argv)
{
  (void)argv;
#ifndef pthread_create
  return ((int*)(&pthread_create))[argc];
#else
  (void)argc;
  return 0;
#endif
}

Determining if the function pthread_create exists in the pthreads failed with the following output:
Change Dir: /home/pengfei/Documents/test/PCL/build/CMakeFiles/CMakeTmp

Run Build Command:"/usr/bin/make" "cmTC_42d1e/fast"
/usr/bin/make -f CMakeFiles/cmTC_42d1e.dir/build.make CMakeFiles/cmTC_42d1e.dir/build
make[1]: Entering directory '/home/pengfei/Documents/test/PCL/build/CMakeFiles/CMakeTmp'
Building C object CMakeFiles/cmTC_42d1e.dir/CheckFunctionExists.c.o
/usr/bin/cc    -fPIC -DCHECK_FUNCTION_EXISTS=pthread_create   -o CMakeFiles/cmTC_42d1e.dir/CheckFunctionExists.c.o   -c /usr/share/cmake-3.5/Modules/CheckFunctionExists.c
Linking C executable cmTC_42d1e
/usr/bin/cmake -E cmake_link_script CMakeFiles/cmTC_42d1e.dir/link.txt --verbose=1
/usr/bin/cc  -fPIC -DCHECK_FUNCTION_EXISTS=pthread_create    CMakeFiles/cmTC_42d1e.dir/CheckFunctionExists.c.o  -o cmTC_42d1e -rdynamic -lpthreads 
/usr/bin/ld: cannot find -lpthreads
collect2: error: ld returned 1 exit status
CMakeFiles/cmTC_42d1e.dir/build.make:97: recipe for target 'cmTC_42d1e' failed
make[1]: *** [cmTC_42d1e] Error 1
make[1]: Leaving directory '/home/pengfei/Documents/test/PCL/build/CMakeFiles/CMakeTmp'
Makefile:126: recipe for target 'cmTC_42d1e/fast' failed
make: *** [cmTC_42d1e/fast] Error 2


